Arguments: 
  /usr/local/bin/node /usr/local/Cellar/yarn/1.2.1/libexec/bin/yarn.js add rollup-plugin-node-resolve

PATH: 
  /usr/local/Cellar/php@7.0/7.0.30/bin:/Users/thangman22/.Pokemon-Terminal:/usr/bin:/bin:/usr/sbin:/sbin:/usr/local/bin:/usr/local/go/bin:/Users/thangman22/Documents/google-cloud-sdk/bin/:/Users/thangman22/Documents/gactions:/Users/thangman22/go

Yarn version: 
  1.2.1

Node version: 
  9.7.1

Platform: 
  darwin x64

npm manifest: 
  {
    "dependencies": {
      "@polymer/lit-element": "^0.5.2",
      "polymer-cli": "^1.7.0-pre.17"
    }
  }

yarn manifest: 
  No manifest

Lockfile: 
  # THIS IS AN AUTOGENERATED FILE. DO NOT EDIT THIS FILE DIRECTLY.
  # yarn lockfile v1
  
  
  "@polymer/lit-element@^0.5.2":
    version "0.5.2"
    resolved "https://registry.yarnpkg.com/@polymer/lit-element/-/lit-element-0.5.2.tgz#8d4e2d1ada27cf0f1a38b7b0eb9fadae92eb63df"
    dependencies:
      "@polymer/polymer" "^3.0.2"
      lit-html "^0.10.0"
  
  "@polymer/polymer@^3.0.2":
    version "3.0.2"
    resolved "https://registry.yarnpkg.com/@polymer/polymer/-/polymer-3.0.2.tgz#626e6f9fae9716b0962ce0211e21df242153eab2"
    dependencies:
      "@webcomponents/shadycss" "^1.2.0"
  
  "@webcomponents/shadycss@^1.2.0":
    version "1.3.1"
    resolved "https://registry.yarnpkg.com/@webcomponents/shadycss/-/shadycss-1.3.1.tgz#9320a7a86c8abfec97d41a41e82691a0dfc3a13a"
  
  lit-html@^0.10.0:
    version "0.10.2"
    resolved "https://registry.yarnpkg.com/lit-html/-/lit-html-0.10.2.tgz#53c846afcf91bb1e6623179ef22e327ab8ac0e0e"

Trace: 
  Error: connect ETIMEDOUT 104.18.96.96:443
      at TCPConnectWrap.afterConnect [as oncomplete] (net.js:1189:14)
